May 30, 2025 5:20:22 PM org.example.Main <clinit>
INFO: Логування успішно налаштовано
May 30, 2025 5:20:22 PM org.example.Main main
INFO: Initializing UI
May 30, 2025 5:37:39 PM org.example.Main <clinit>
INFO: Логування успішно налаштовано
May 30, 2025 5:37:39 PM org.example.Main main
INFO: Старт програми
May 30, 2025 5:37:44 PM org.example.Main lambda$initializeUI$0
INFO: Користувач обрав управління продуктами
May 30, 2025 5:37:44 PM org.example.ProductManagement <clinit>
INFO: Логування успішно налаштовано
May 30, 2025 5:37:44 PM org.example.ProductManagement loadProducts
INFO: Успішний вивід данних про продукти
May 30, 2025 5:37:44 PM org.example.ProductManagement loadProducts
INFO: Успішний вивід данних про продукти
May 30, 2025 5:38:05 PM org.example.ProductManagement updateProduct
INFO: Користувач оновив продукт
May 30, 2025 5:38:06 PM org.example.ProductManagement loadProducts
INFO: Успішний вивід данних про продукти
May 30, 2025 5:38:06 PM org.example.ProductManagement loadProducts
INFO: Успішний вивід данних про продукти
May 30, 2025 5:38:06 PM org.example.ProductManagement showEditDialog
INFO: Користувач відкрив меню редагування продуктів
May 30, 2025 5:38:14 PM org.example.ProductManagement deleteProduct
WARNING: Помилка видалення продуктів
May 30, 2025 5:38:23 PM org.example.ProductManagement deleteProduct
WARNING: Помилка видалення продуктів
May 30, 2025 5:38:40 PM org.example.ProductManagement saveProduct
INFO: Користувач додав продукт
May 30, 2025 5:38:40 PM org.example.ProductManagement loadProducts
INFO: Успішний вивід данних про продукти
May 30, 2025 5:38:40 PM org.example.ProductManagement loadProducts
INFO: Успішний вивід данних про продукти
May 30, 2025 5:38:40 PM org.example.ProductManagement loadProducts
INFO: Успішний вивід данних про продукти
May 30, 2025 5:38:40 PM org.example.ProductManagement showAddProductDialog
INFO: Користувач відкрив меню додданя продуктів
May 30, 2025 5:38:54 PM org.example.Main lambda$initializeUI$1
INFO: Користувач обрав управління складом
May 30, 2025 5:38:54 PM org.example.WarehouseManagement <clinit>
INFO: Логування успішно налаштовано
May 30, 2025 5:38:55 PM org.example.WarehouseManagement <init>
INFO: Успішний вивід данних про склад
May 30, 2025 5:38:55 PM org.example.WarehouseManagement loadInventory
INFO: Успішна заргрузка продуктів зі складу
May 30, 2025 5:38:58 PM org.example.WarehouseManagement showEditDialog
INFO: Користувач хоче змінити інформацію про склад
May 30, 2025 5:39:01 PM org.example.WarehouseManagement$InventoryDialog updateInventory
INFO: Користувач оновив інформацію про продукт наа складі
May 30, 2025 5:39:05 PM org.example.WarehouseManagement loadInventory
INFO: Успішна заргрузка продуктів зі складу
May 30, 2025 5:39:12 PM org.example.WarehouseManagement loadInventory
INFO: Успішна заргрузка продуктів зі складу
May 30, 2025 5:39:12 PM org.example.WarehouseManagement deleteItem
INFO: Користувач видалив обʼєкт зі складу
May 30, 2025 5:39:17 PM org.example.Main lambda$initializeUI$2
INFO: Користувач обрав управління фінансами
May 30, 2025 5:40:17 PM org.example.Main lambda$initializeUI$3
INFO: Користувач обрав звіти
May 30, 2025 5:40:27 PM org.example.Main lambda$initializeUI$2
INFO: Користувач обрав управління фінансами
May 30, 2025 5:43:16 PM org.example.Main <clinit>
INFO: Логування успішно налаштовано
May 30, 2025 5:43:16 PM org.example.Main main
INFO: Старт програми
May 30, 2025 5:43:20 PM org.example.Main lambda$initializeUI$2
INFO: Користувач обрав управління фінансами
May 30, 2025 5:43:20 PM org.example.FinanceManagement <clinit>
INFO: Логування успішно налаштовано
May 30, 2025 5:45:39 PM org.example.Main <clinit>
INFO: Логування успішно налаштовано
May 30, 2025 5:45:39 PM org.example.Main main
INFO: Старт програми
May 30, 2025 5:45:43 PM org.example.Main lambda$initializeUI$0
INFO: Користувач обрав управління продуктами
May 30, 2025 5:45:43 PM org.example.ProductManagement <clinit>
INFO: Логування успішно налаштовано
May 30, 2025 5:45:44 PM org.example.ProductManagement loadProducts
INFO: Успішний вивід данних про продукти
May 30, 2025 5:45:44 PM org.example.ProductManagement loadProducts
INFO: Успішний вивід данних про продукти
May 30, 2025 5:45:44 PM org.example.ProductManagement loadProducts
INFO: Успішний вивід данних про продукти
May 30, 2025 5:45:46 PM org.example.Main lambda$initializeUI$1
INFO: Користувач обрав управління складом
May 30, 2025 5:45:46 PM org.example.WarehouseManagement <clinit>
INFO: Логування успішно налаштовано
May 30, 2025 5:45:46 PM org.example.WarehouseManagement <init>
INFO: Успішний вивід данних про склад
May 30, 2025 5:45:46 PM org.example.WarehouseManagement loadInventory
INFO: Успішна заргрузка продуктів зі складу
May 30, 2025 5:45:48 PM org.example.Main lambda$initializeUI$2
INFO: Користувач обрав управління фінансами
May 30, 2025 5:45:48 PM org.example.FinanceManagement <clinit>
INFO: Логування успішно налаштовано
May 30, 2025 5:45:59 PM org.example.Main lambda$initializeUI$3
INFO: Користувач обрав звіти
May 30, 2025 5:46:56 PM org.example.Main <clinit>
INFO: Логування успішно налаштовано
May 30, 2025 5:46:56 PM org.example.Main main
INFO: Старт програми
May 30, 2025 5:47:01 PM org.example.Main lambda$initializeUI$2
INFO: Користувач обрав управління фінансами
May 30, 2025 5:47:01 PM org.example.FinanceManagement <clinit>
INFO: Логування успішно налаштовано
May 30, 2025 5:47:05 PM org.example.Main lambda$initializeUI$3
INFO: Користувач обрав звіти
May 30, 2025 5:47:56 PM org.example.Main <clinit>
INFO: Логування успішно налаштовано
May 30, 2025 5:47:56 PM org.example.Main main
INFO: Старт програми
May 30, 2025 5:48:00 PM org.example.Main lambda$initializeUI$3
INFO: Користувач обрав звіти
May 30, 2025 5:48:34 PM org.example.Main <clinit>
INFO: Логування успішно налаштовано
May 30, 2025 5:48:34 PM org.example.Main main
INFO: Старт програми
May 30, 2025 5:48:37 PM org.example.Main lambda$initializeUI$3
INFO: Користувач обрав звіти
May 30, 2025 5:48:49 PM org.example.Main lambda$initializeUI$2
INFO: Користувач обрав управління фінансами
May 30, 2025 5:48:49 PM org.example.FinanceManagement <clinit>
INFO: Логування успішно налаштовано
May 30, 2025 5:48:54 PM org.example.Main lambda$initializeUI$0
INFO: Користувач обрав управління продуктами
May 30, 2025 5:48:54 PM org.example.ProductManagement <clinit>
INFO: Логування успішно налаштовано
May 30, 2025 5:48:54 PM org.example.ProductManagement loadProducts
INFO: Успішний вивід данних про продукти
May 30, 2025 5:48:54 PM org.example.ProductManagement loadProducts
INFO: Успішний вивід данних про продукти
May 30, 2025 5:48:54 PM org.example.ProductManagement loadProducts
INFO: Успішний вивід данних про продукти
May 30, 2025 5:48:58 PM org.example.ProductManagement deleteProduct
WARNING: Помилка видалення продуктів
May 30, 2025 5:49:02 PM org.example.ProductManagement loadProducts
INFO: Успішний вивід данних про продукти
May 30, 2025 5:49:02 PM org.example.ProductManagement loadProducts
INFO: Успішний вивід данних про продукти
May 30, 2025 5:49:02 PM org.example.ProductManagement deleteProduct
INFO: Користувач видалив продукт
May 30, 2025 5:49:03 PM org.example.ProductManagement deleteProduct
WARNING: Помилка видалення продуктів
May 30, 2025 7:12:09 PM org.example.Main <clinit>
INFO: Логування успішно налаштовано
May 30, 2025 7:12:09 PM org.example.Main main
INFO: Старт програми
May 30, 2025 7:12:34 PM org.example.Main lambda$initializeUI$0
INFO: Користувач обрав управління продуктами
May 30, 2025 7:12:34 PM org.example.ProductManagement <clinit>
INFO: Логування успішно налаштовано
May 30, 2025 7:12:35 PM org.example.ProductManagement loadProducts
INFO: Успішний вивід данних про продукти
May 30, 2025 7:12:35 PM org.example.ProductManagement loadProducts
INFO: Успішний вивід данних про продукти
May 30, 2025 7:12:42 PM org.example.ProductManagement showAddProductDialog
INFO: Користувач відкрив меню додданя продуктів
May 30, 2025 7:13:13 PM org.example.ProductManagement showAddProductDialog
INFO: Користувач відкрив меню додданя продуктів
May 30, 2025 7:14:24 PM org.example.ProductManagement saveProduct
INFO: Користувач додав продукт
May 30, 2025 7:14:24 PM org.example.ProductManagement loadProducts
INFO: Успішний вивід данних про продукти
May 30, 2025 7:14:24 PM org.example.ProductManagement loadProducts
INFO: Успішний вивід данних про продукти
May 30, 2025 7:14:24 PM org.example.ProductManagement loadProducts
INFO: Успішний вивід данних про продукти
May 30, 2025 7:14:24 PM org.example.ProductManagement showAddProductDialog
INFO: Користувач відкрив меню додданя продуктів
May 30, 2025 7:14:27 PM org.example.ProductManagement showEditDialog
INFO: Користувач відкрив меню редагування продуктів
May 30, 2025 7:14:29 PM org.example.Main lambda$initializeUI$1
INFO: Користувач обрав управління складом
May 30, 2025 7:14:29 PM org.example.WarehouseManagement <clinit>
INFO: Логування успішно налаштовано
May 30, 2025 7:14:29 PM org.example.WarehouseManagement <init>
INFO: Успішний вивід данних про склад
May 30, 2025 7:14:29 PM org.example.WarehouseManagement loadInventory
INFO: Успішна заргрузка продуктів зі складу
May 30, 2025 7:14:34 PM org.example.WarehouseManagement loadInventory
INFO: Успішна заргрузка продуктів зі складу
May 30, 2025 7:14:34 PM org.example.WarehouseManagement deleteItem
INFO: Користувач видалив обʼєкт зі складу
May 30, 2025 7:14:36 PM org.example.Main lambda$initializeUI$0
INFO: Користувач обрав управління продуктами
May 30, 2025 7:14:36 PM org.example.ProductManagement loadProducts
INFO: Успішний вивід данних про продукти
May 30, 2025 7:14:36 PM org.example.ProductManagement loadProducts
INFO: Успішний вивід данних про продукти
May 30, 2025 7:14:36 PM org.example.ProductManagement loadProducts
INFO: Успішний вивід данних про продукти
May 30, 2025 7:14:40 PM org.example.ProductManagement loadProducts
INFO: Успішний вивід данних про продукти
May 30, 2025 7:14:40 PM org.example.ProductManagement loadProducts
INFO: Успішний вивід данних про продукти
May 30, 2025 7:14:40 PM org.example.ProductManagement deleteProduct
INFO: Користувач видалив продукт
May 30, 2025 7:14:42 PM org.example.ProductManagement deleteProduct
WARNING: Помилка видалення продуктів
May 30, 2025 7:14:45 PM org.example.Main lambda$initializeUI$1
INFO: Користувач обрав управління складом
May 30, 2025 7:14:45 PM org.example.WarehouseManagement <init>
INFO: Успішний вивід данних про склад
May 30, 2025 7:14:45 PM org.example.WarehouseManagement loadInventory
INFO: Успішна заргрузка продуктів зі складу
May 30, 2025 7:14:52 PM org.example.WarehouseManagement loadInventory
INFO: Успішна заргрузка продуктів зі складу
May 30, 2025 7:14:52 PM org.example.WarehouseManagement deleteItem
INFO: Користувач видалив обʼєкт зі складу
May 30, 2025 7:14:54 PM org.example.Main lambda$initializeUI$0
INFO: Користувач обрав управління продуктами
May 30, 2025 7:14:54 PM org.example.ProductManagement loadProducts
INFO: Успішний вивід данних про продукти
May 30, 2025 7:14:54 PM org.example.ProductManagement loadProducts
INFO: Успішний вивід данних про продукти
May 30, 2025 7:14:58 PM org.example.ProductManagement loadProducts
INFO: Успішний вивід данних про продукти
May 30, 2025 7:14:58 PM org.example.ProductManagement deleteProduct
INFO: Користувач видалив продукт
May 30, 2025 7:15:09 PM org.example.Main lambda$initializeUI$1
INFO: Користувач обрав управління складом
May 30, 2025 7:15:10 PM org.example.WarehouseManagement <init>
INFO: Успішний вивід данних про склад
May 30, 2025 7:15:10 PM org.example.WarehouseManagement loadInventory
INFO: Успішна заргрузка продуктів зі складу
May 30, 2025 7:15:18 PM org.example.Main lambda$initializeUI$2
INFO: Користувач обрав управління фінансами
May 30, 2025 7:15:18 PM org.example.FinanceManagement <clinit>
INFO: Логування успішно налаштовано
May 30, 2025 7:15:27 PM org.example.Main lambda$initializeUI$3
INFO: Користувач обрав звіти
